<?xml version="1.0" encoding="UTF-8"?>
<testsuite name="com.mangkyu.stream.Quiz6.Quiz6Test" tests="2" skipped="0" failures="0" errors="0" timestamp="2023-01-06T02:54:08" hostname="Seongmins-MacBook-Pro.local" time="0.102">
  <properties/>
  <testcase name="quiz1()" classname="com.mangkyu.stream.Quiz6.Quiz6Test" time="0.095"/>
  <testcase name="quiz2()" classname="com.mangkyu.stream.Quiz6.Quiz6Test" time="0.006"/>
  <system-out><![CDATA[]]></system-out>
  <system-err><![CDATA[]]></system-err>
</testsuite>
